<?xml version="1.0" encoding="UTF-8"?>
<!-- Generated by org.testng.reporters.JUnitXMLReporter -->
<testsuite ignored="0" hostname="DESKTOP-7AMV26T" failures="0" tests="7" name="my test" time="17.667" errors="0" timestamp="2024-06-27T13:12:18 IST">
  <testcase classname="Day42.OrageHRMTest" name="openapp" time="12.675"/>
  <testcase classname="Day42.OrageHRMTest" name="testLogo" time="0.906"/>
  <testcase classname="Day42.OrageHRMTest" name="testLogin" time="0.531"/>
  <testcase classname="Day42.OrageHRMTest" name="testLogout" time="3.419"/>
  <testcase classname="Day42.firstTestNG" name="openapp" time="0.004"/>
  <testcase classname="Day42.firstTestNG" name="login" time="0.003"/>
  <testcase classname="Day42.firstTestNG" name="logout" time="0.008"/>
</testsuite> <!-- my test -->
