<?xml version="1.0" encoding="UTF-8"?>
<testng-results ignored="0" total="2" passed="2" failed="0" skipped="0">
  <reporter-output>
  </reporter-output>
  <suite started-at="2024-08-31T11:10:32 IST" name="Master Suite" finished-at="2024-08-31T11:11:06 IST" duration-ms="34162">
    <groups>
      <group name="Master">
        <method signature="TC001_AccountRegistrationTest.verify_registration()[pri:0, instance:Day49_testCases.TC001_AccountRegistrationTest@2f177a4b]" name="verify_registration" class="Day49_testCases.TC001_AccountRegistrationTest"/>
        <method signature="TC002_LoginTest.verify_login()[pri:0, instance:Day49_testCases.TC002_LoginTest@4278a03f]" name="verify_login" class="Day49_testCases.TC002_LoginTest"/>
      </group> <!-- Master -->
      <group name="Sanity">
        <method signature="TC002_LoginTest.verify_login()[pri:0, instance:Day49_testCases.TC002_LoginTest@4278a03f]" name="verify_login" class="Day49_testCases.TC002_LoginTest"/>
      </group> <!-- Sanity -->
      <group name="Regression">
        <method signature="TC001_AccountRegistrationTest.verify_registration()[pri:0, instance:Day49_testCases.TC001_AccountRegistrationTest@2f177a4b]" name="verify_registration" class="Day49_testCases.TC001_AccountRegistrationTest"/>
      </group> <!-- Regression -->
    </groups>
    <test started-at="2024-08-31T11:10:32 IST" name="Test" finished-at="2024-08-31T11:11:06 IST" duration-ms="34162">
      <class name="Day49_testCases.TC002_LoginTest">
        <test-method is-config="true" signature="setup(java.lang.String, java.lang.String)[pri:0, instance:Day49_testCases.TC002_LoginTest@4278a03f]" started-at="2024-08-31T11:10:45 IST" name="setup" finished-at="2024-08-31T11:10:58 IST" duration-ms="12149" status="PASS">
          <params>
            <param index="0">
              <value>
                <![CDATA[Windows]]>
              </value>
            </param>
            <param index="1">
              <value>
                <![CDATA[chrome]]>
              </value>
            </param>
          </params>
          <reporter-output>
          </reporter-output>
        </test-method> <!-- setup -->
        <test-method signature="verify_login()[pri:0, instance:Day49_testCases.TC002_LoginTest@4278a03f]" started-at="2024-08-31T11:10:58 IST" name="verify_login" finished-at="2024-08-31T11:11:04 IST" duration-ms="6417" status="PASS">
          <reporter-output>
          </reporter-output>
        </test-method> <!-- verify_login -->
        <test-method is-config="true" signature="tearDown()[pri:0, instance:Day49_testCases.TC002_LoginTest@4278a03f]" started-at="2024-08-31T11:11:04 IST" name="tearDown" finished-at="2024-08-31T11:11:06 IST" duration-ms="1783" status="PASS">
          <reporter-output>
          </reporter-output>
        </test-method> <!-- tearDown -->
      </class> <!-- Day49_testCases.TC002_LoginTest -->
      <class name="Day49_testCases.TC001_AccountRegistrationTest">
        <test-method is-config="true" signature="setup(java.lang.String, java.lang.String)[pri:0, instance:Day49_testCases.TC001_AccountRegistrationTest@2f177a4b]" started-at="2024-08-31T11:10:32 IST" name="setup" finished-at="2024-08-31T11:10:41 IST" duration-ms="9346" status="PASS">
          <params>
            <param index="0">
              <value>
                <![CDATA[Windows]]>
              </value>
            </param>
            <param index="1">
              <value>
                <![CDATA[chrome]]>
              </value>
            </param>
          </params>
          <reporter-output>
          </reporter-output>
        </test-method> <!-- setup -->
        <test-method signature="verify_registration()[pri:0, instance:Day49_testCases.TC001_AccountRegistrationTest@2f177a4b]" started-at="2024-08-31T11:10:41 IST" name="verify_registration" finished-at="2024-08-31T11:10:45 IST" duration-ms="3531" status="PASS">
          <reporter-output>
          </reporter-output>
        </test-method> <!-- verify_registration -->
        <test-method is-config="true" signature="tearDown()[pri:0, instance:Day49_testCases.TC001_AccountRegistrationTest@2f177a4b]" started-at="2024-08-31T11:10:45 IST" name="tearDown" finished-at="2024-08-31T11:10:45 IST" duration-ms="349" status="PASS">
          <reporter-output>
          </reporter-output>
        </test-method> <!-- tearDown -->
      </class> <!-- Day49_testCases.TC001_AccountRegistrationTest -->
    </test> <!-- Test -->
  </suite> <!-- Master Suite -->
</testng-results>
