<?xml version="1.0" encoding="UTF-8"?>
<testng-results ignored="0" total="2" passed="2" failed="0" skipped="0">
  <reporter-output>
  </reporter-output>
  <suite started-at="2024-08-28T22:34:33 IST" name="Master Suite" finished-at="2024-08-28T22:35:38 IST" duration-ms="65336">
    <groups>
      <group name="Master">
        <method signature="TC001_AccountRegistrationTest.verify_registration()[pri:0, instance:Day49_testCases.TC001_AccountRegistrationTest@245b4bdc]" name="verify_registration" class="Day49_testCases.TC001_AccountRegistrationTest"/>
        <method signature="TC002_LoginTest.verify_login()[pri:0, instance:Day49_testCases.TC002_LoginTest@2d7275fc]" name="verify_login" class="Day49_testCases.TC002_LoginTest"/>
      </group> <!-- Master -->
      <group name="Sanity">
        <method signature="TC002_LoginTest.verify_login()[pri:0, instance:Day49_testCases.TC002_LoginTest@2d7275fc]" name="verify_login" class="Day49_testCases.TC002_LoginTest"/>
      </group> <!-- Sanity -->
      <group name="Regression">
        <method signature="TC001_AccountRegistrationTest.verify_registration()[pri:0, instance:Day49_testCases.TC001_AccountRegistrationTest@245b4bdc]" name="verify_registration" class="Day49_testCases.TC001_AccountRegistrationTest"/>
      </group> <!-- Regression -->
    </groups>
    <test started-at="2024-08-28T22:34:33 IST" name="Test" finished-at="2024-08-28T22:35:38 IST" duration-ms="65336">
      <class name="Day49_testCases.TC002_LoginTest">
        <test-method is-config="true" signature="setup(java.lang.String,java.lang.String)[pri:0, instance:Day49_testCases.TC002_LoginTest@2d7275fc]" started-at="2024-08-28T22:35:21 IST" name="setup" finished-at="2024-08-28T22:35:35 IST" duration-ms="13803" status="PASS">
          <params>
            <param index="0">
              <value>
                <![CDATA[Windows]]>
              </value>
            </param>
            <param index="1">
              <value>
                <![CDATA[chrome]]>
              </value>
            </param>
          </params>
          <reporter-output>
          </reporter-output>
        </test-method> <!-- setup -->
        <test-method signature="verify_login()[pri:0, instance:Day49_testCases.TC002_LoginTest@2d7275fc]" started-at="2024-08-28T22:35:35 IST" name="verify_login" finished-at="2024-08-28T22:35:37 IST" duration-ms="2035" status="PASS">
          <reporter-output>
          </reporter-output>
        </test-method> <!-- verify_login -->
        <test-method is-config="true" signature="tearDown()[pri:0, instance:Day49_testCases.TC002_LoginTest@2d7275fc]" started-at="2024-08-28T22:35:37 IST" name="tearDown" finished-at="2024-08-28T22:35:38 IST" duration-ms="1102" status="PASS">
          <reporter-output>
          </reporter-output>
        </test-method> <!-- tearDown -->
      </class> <!-- Day49_testCases.TC002_LoginTest -->
      <class name="Day49_testCases.TC001_AccountRegistrationTest">
        <test-method is-config="true" signature="setup(java.lang.String,java.lang.String)[pri:0, instance:Day49_testCases.TC001_AccountRegistrationTest@245b4bdc]" started-at="2024-08-28T22:34:34 IST" name="setup" finished-at="2024-08-28T22:35:07 IST" duration-ms="32953" status="PASS">
          <params>
            <param index="0">
              <value>
                <![CDATA[Windows]]>
              </value>
            </param>
            <param index="1">
              <value>
                <![CDATA[chrome]]>
              </value>
            </param>
          </params>
          <reporter-output>
          </reporter-output>
        </test-method> <!-- setup -->
        <test-method signature="verify_registration()[pri:0, instance:Day49_testCases.TC001_AccountRegistrationTest@245b4bdc]" started-at="2024-08-28T22:35:07 IST" name="verify_registration" finished-at="2024-08-28T22:35:11 IST" duration-ms="4091" status="PASS">
          <reporter-output>
          </reporter-output>
        </test-method> <!-- verify_registration -->
        <test-method is-config="true" signature="tearDown()[pri:0, instance:Day49_testCases.TC001_AccountRegistrationTest@245b4bdc]" started-at="2024-08-28T22:35:11 IST" name="tearDown" finished-at="2024-08-28T22:35:21 IST" duration-ms="10174" status="PASS">
          <reporter-output>
          </reporter-output>
        </test-method> <!-- tearDown -->
      </class> <!-- Day49_testCases.TC001_AccountRegistrationTest -->
    </test> <!-- Test -->
  </suite> <!-- Master Suite -->
</testng-results>
